{"/home/buse/Masaüstü/staj/Ödevler/haber-akisi-project/assets/images/dark_share.png": {"path":"/home/buse/Masaüstü/staj/Ödevler/haber-akisi-project/assets/images/dark_share.png","statementMap":{"0":{"start":{"line":1,"column":0},"end":{"line":4,"column":6}}},"fnMap":{},"branchMap":{},"s":{"0":1},"f":{},"b":{},"_coverageSchema":"1a1c01bbd47fc00a2c39e90264f33305004495a9","hash":"218a4424704d511a31fcf9137560193311047dea"}
,"/home/buse/Masaüstü/staj/Ödevler/haber-akisi-project/assets/images/logo.png": {"path":"/home/buse/Masaüstü/staj/Ödevler/haber-akisi-project/assets/images/logo.png","statementMap":{"0":{"start":{"line":1,"column":0},"end":{"line":4,"column":6}}},"fnMap":{},"branchMap":{},"s":{"0":1},"f":{},"b":{},"_coverageSchema":"1a1c01bbd47fc00a2c39e90264f33305004495a9","hash":"12e92cec4f1d0437c8f81d61809e567729067146"}
,"/home/buse/Masaüstü/staj/Ödevler/haber-akisi-project/src/api/errors.ts": {"path":"/home/buse/Masaüstü/staj/Ödevler/haber-akisi-project/src/api/errors.ts","statementMap":{"0":{"start":{"line":6,"column":4},"end":{"line":6,"column":19}},"1":{"start":{"line":7,"column":4},"end":{"line":7,"column":31}}},"fnMap":{"0":{"name":"(anonymous_0)","decl":{"start":{"line":2,"column":2},"end":{"line":2,"column":3}},"loc":{"start":{"line":5,"column":4},"end":{"line":8,"column":3}},"line":5}},"branchMap":{},"s":{"0":4,"1":4},"f":{"0":4},"b":{},"_coverageSchema":"1a1c01bbd47fc00a2c39e90264f33305004495a9","hash":"770e1c34878f1a7872ddb7aadbe2ade37fd24ae3"}
,"/home/buse/Masaüstü/staj/Ödevler/haber-akisi-project/src/api/newsApi.ts": {"path":"/home/buse/Masaüstü/staj/Ödevler/haber-akisi-project/src/api/newsApi.ts","statementMap":{"0":{"start":{"line":5,"column":0},"end":{"line":9,"column":1}},"1":{"start":{"line":6,"column":2},"end":{"line":8,"column":4}},"2":{"start":{"line":11,"column":17},"end":{"line":11,"column":58}},"3":{"start":{"line":23,"column":17},"end":{"line":27,"column":4}},"4":{"start":{"line":28,"column":2},"end":{"line":28,"column":49}},"5":{"start":{"line":28,"column":16},"end":{"line":28,"column":49}},"6":{"start":{"line":29,"column":2},"end":{"line":29,"column":40}},"7":{"start":{"line":29,"column":15},"end":{"line":29,"column":40}},"8":{"start":{"line":31,"column":19},"end":{"line":33,"column":3}},"9":{"start":{"line":35,"column":2},"end":{"line":42,"column":3}},"10":{"start":{"line":36,"column":18},"end":{"line":36,"column":43}},"11":{"start":{"line":37,"column":4},"end":{"line":40,"column":14}},"12":{"start":{"line":38,"column":24},"end":{"line":38,"column":45}},"13":{"start":{"line":39,"column":6},"end":{"line":39,"column":45}},"14":{"start":{"line":41,"column":4},"end":{"line":41,"column":53}},"15":{"start":{"line":44,"column":15},"end":{"line":44,"column":36}},"16":{"start":{"line":46,"column":17},"end":{"line":46,"column":51}},"17":{"start":{"line":47,"column":2},"end":{"line":49,"column":3}},"18":{"start":{"line":48,"column":4},"end":{"line":48,"column":67}},"19":{"start":{"line":51,"column":2},"end":{"line":54,"column":4}}},"fnMap":{"0":{"name":"getTopHeadlines","decl":{"start":{"line":13,"column":22},"end":{"line":13,"column":37}},"loc":{"start":{"line":22,"column":3},"end":{"line":55,"column":1}},"line":22}},"branchMap":{"0":{"loc":{"start":{"line":5,"column":0},"end":{"line":9,"column":1}},"type":"if","locations":[{"start":{"line":5,"column":0},"end":{"line":9,"column":1}},{"start":{},"end":{}}],"line":5},"1":{"loc":{"start":{"line":13,"column":38},"end":{"line":19,"column":26}},"type":"default-arg","locations":[{"start":{"line":19,"column":24},"end":{"line":19,"column":26}}],"line":13},"2":{"loc":{"start":{"line":15,"column":2},"end":{"line":15,"column":16}},"type":"default-arg","locations":[{"start":{"line":15,"column":12},"end":{"line":15,"column":16}}],"line":15},"3":{"loc":{"start":{"line":17,"column":2},"end":{"line":17,"column":10}},"type":"default-arg","locations":[{"start":{"line":17,"column":9},"end":{"line":17,"column":10}}],"line":17},"4":{"loc":{"start":{"line":18,"column":2},"end":{"line":18,"column":15}},"type":"default-arg","locations":[{"start":{"line":18,"column":13},"end":{"line":18,"column":15}}],"line":18},"5":{"loc":{"start":{"line":28,"column":2},"end":{"line":28,"column":49}},"type":"if","locations":[{"start":{"line":28,"column":2},"end":{"line":28,"column":49}},{"start":{},"end":{}}],"line":28},"6":{"loc":{"start":{"line":29,"column":2},"end":{"line":29,"column":40}},"type":"if","locations":[{"start":{"line":29,"column":2},"end":{"line":29,"column":40}},{"start":{},"end":{}}],"line":29},"7":{"loc":{"start":{"line":35,"column":2},"end":{"line":42,"column":3}},"type":"if","locations":[{"start":{"line":35,"column":2},"end":{"line":42,"column":3}},{"start":{},"end":{}}],"line":35},"8":{"loc":{"start":{"line":39,"column":16},"end":{"line":39,"column":44}},"type":"binary-expr","locations":[{"start":{"line":39,"column":16},"end":{"line":39,"column":33}},{"start":{"line":39,"column":37},"end":{"line":39,"column":44}}],"line":39},"9":{"loc":{"start":{"line":47,"column":2},"end":{"line":49,"column":3}},"type":"if","locations":[{"start":{"line":47,"column":2},"end":{"line":49,"column":3}},{"start":{},"end":{}}],"line":47}},"s":{"0":1,"1":0,"2":1,"3":6,"4":6,"5":1,"6":6,"7":2,"8":6,"9":6,"10":2,"11":2,"12":2,"13":1,"14":2,"15":4,"16":4,"17":4,"18":1,"19":3},"f":{"0":6},"b":{"0":[0,1],"1":[0],"2":[6],"3":[5],"4":[5],"5":[1,5],"6":[2,4],"7":[2,4],"8":[1,0],"9":[1,3]},"_coverageSchema":"1a1c01bbd47fc00a2c39e90264f33305004495a9","hash":"136d50691b47a6338f9006e18a4c86637738b2fd"}
,"/home/buse/Masaüstü/staj/Ödevler/haber-akisi-project/src/api/schemas.ts": {"path":"/home/buse/Masaüstü/staj/Ödevler/haber-akisi-project/src/api/schemas.ts","statementMap":{"0":{"start":{"line":3,"column":22},"end":{"line":15,"column":2}},"1":{"start":{"line":17,"column":34},"end":{"line":20,"column":2}}},"fnMap":{},"branchMap":{},"s":{"0":2,"1":2},"f":{},"b":{},"_coverageSchema":"1a1c01bbd47fc00a2c39e90264f33305004495a9","hash":"6a1d33a8f9b7cac8e73052e727925345a69e0804"}
,"/home/buse/Masaüstü/staj/Ödevler/haber-akisi-project/src/components/AppHeader.tsx": {"path":"/home/buse/Masaüstü/staj/Ödevler/haber-akisi-project/src/components/AppHeader.tsx","statementMap":{"0":{"start":{"line":13,"column":25},"end":{"line":114,"column":1}},"1":{"start":{"line":14,"column":54},"end":{"line":14,"column":69}},"2":{"start":{"line":15,"column":17},"end":{"line":15,"column":28}},"3":{"start":{"line":16,"column":19},"end":{"line":16,"column":32}},"4":{"start":{"line":17,"column":26},"end":{"line":17,"column":69}},"5":{"start":{"line":18,"column":22},"end":{"line":18,"column":65}},"6":{"start":{"line":19,"column":42},"end":{"line":19,"column":58}},"7":{"start":{"line":20,"column":20},"end":{"line":20,"column":66}},"8":{"start":{"line":21,"column":17},"end":{"line":21,"column":39}},"9":{"start":{"line":23,"column":28},"end":{"line":27,"column":3}},"10":{"start":{"line":24,"column":23},"end":{"line":24,"column":64}},"11":{"start":{"line":25,"column":4},"end":{"line":25,"column":31}},"12":{"start":{"line":26,"column":4},"end":{"line":26,"column":48}},"13":{"start":{"line":29,"column":26},"end":{"line":31,"column":3}},"14":{"start":{"line":30,"column":4},"end":{"line":30,"column":32}},"15":{"start":{"line":33,"column":22},"end":{"line":51,"column":3}},"16":{"start":{"line":34,"column":42},"end":{"line":34,"column":78}},"17":{"start":{"line":35,"column":4},"end":{"line":50,"column":5}},"18":{"start":{"line":36,"column":21},"end":{"line":39,"column":8}},"19":{"start":{"line":41,"column":6},"end":{"line":47,"column":7}},"20":{"start":{"line":42,"column":8},"end":{"line":45,"column":9}},"21":{"start":{"line":44,"column":10},"end":{"line":44,"column":66}},"22":{"start":{"line":46,"column":13},"end":{"line":47,"column":7}},"23":{"start":{"line":49,"column":6},"end":{"line":49,"column":52}},"24":{"start":{"line":52,"column":2},"end":{"line":113,"column":4}},"25":{"start":{"line":59,"column":25},"end":{"line":59,"column":41}},"26":{"start":{"line":110,"column":23},"end":{"line":110,"column":51}}},"fnMap":{"0":{"name":"(anonymous_0)","decl":{"start":{"line":13,"column":25},"end":{"line":13,"column":26}},"loc":{"start":{"line":13,"column":31},"end":{"line":114,"column":1}},"line":13},"1":{"name":"(anonymous_1)","decl":{"start":{"line":23,"column":28},"end":{"line":23,"column":29}},"loc":{"start":{"line":23,"column":34},"end":{"line":27,"column":3}},"line":23},"2":{"name":"(anonymous_2)","decl":{"start":{"line":29,"column":26},"end":{"line":29,"column":27}},"loc":{"start":{"line":29,"column":32},"end":{"line":31,"column":3}},"line":29},"3":{"name":"(anonymous_3)","decl":{"start":{"line":33,"column":22},"end":{"line":33,"column":23}},"loc":{"start":{"line":33,"column":34},"end":{"line":51,"column":3}},"line":33},"4":{"name":"(anonymous_4)","decl":{"start":{"line":59,"column":19},"end":{"line":59,"column":20}},"loc":{"start":{"line":59,"column":25},"end":{"line":59,"column":41}},"line":59},"5":{"name":"(anonymous_5)","decl":{"start":{"line":110,"column":17},"end":{"line":110,"column":18}},"loc":{"start":{"line":110,"column":23},"end":{"line":110,"column":51}},"line":110}},"branchMap":{"0":{"loc":{"start":{"line":20,"column":20},"end":{"line":20,"column":66}},"type":"cond-expr","locations":[{"start":{"line":20,"column":45},"end":{"line":20,"column":54}},{"start":{"line":20,"column":57},"end":{"line":20,"column":66}}],"line":20},"1":{"loc":{"start":{"line":24,"column":23},"end":{"line":24,"column":64}},"type":"cond-expr","locations":[{"start":{"line":24,"column":48},"end":{"line":24,"column":55}},{"start":{"line":24,"column":58},"end":{"line":24,"column":64}}],"line":24},"2":{"loc":{"start":{"line":34,"column":42},"end":{"line":34,"column":78}},"type":"cond-expr","locations":[{"start":{"line":34,"column":52},"end":{"line":34,"column":71}},{"start":{"line":34,"column":74},"end":{"line":34,"column":78}}],"line":34},"3":{"loc":{"start":{"line":41,"column":6},"end":{"line":47,"column":7}},"type":"if","locations":[{"start":{"line":41,"column":6},"end":{"line":47,"column":7}},{"start":{"line":46,"column":13},"end":{"line":47,"column":7}}],"line":41},"4":{"loc":{"start":{"line":42,"column":8},"end":{"line":45,"column":9}},"type":"if","locations":[{"start":{"line":42,"column":8},"end":{"line":45,"column":9}},{"start":{"line":43,"column":15},"end":{"line":45,"column":9}}],"line":42},"5":{"loc":{"start":{"line":46,"column":13},"end":{"line":47,"column":7}},"type":"if","locations":[{"start":{"line":46,"column":13},"end":{"line":47,"column":7}},{"start":{},"end":{}}],"line":46},"6":{"loc":{"start":{"line":78,"column":20},"end":{"line":78,"column":77}},"type":"cond-expr","locations":[{"start":{"line":78,"column":45},"end":{"line":78,"column":60}},{"start":{"line":78,"column":63},"end":{"line":78,"column":77}}],"line":78},"7":{"loc":{"start":{"line":84,"column":11},"end":{"line":104,"column":11}},"type":"cond-expr","locations":[{"start":{"line":85,"column":12},"end":{"line":99,"column":31}},{"start":{"line":101,"column":12},"end":{"line":103,"column":31}}],"line":84},"8":{"loc":{"start":{"line":86,"column":15},"end":{"line":98,"column":15}},"type":"cond-expr","locations":[{"start":{"line":87,"column":16},"end":{"line":91,"column":18}},{"start":{"line":93,"column":16},"end":{"line":97,"column":18}}],"line":86}},"s":{"0":1,"1":8,"2":8,"3":8,"4":8,"5":8,"6":8,"7":8,"8":8,"9":8,"10":2,"11":2,"12":2,"13":8,"14":1,"15":8,"16":1,"17":1,"18":1,"19":0,"20":0,"21":0,"22":0,"23":1,"24":8,"25":1,"26":0},"f":{"0":8,"1":2,"2":1,"3":1,"4":1,"5":0},"b":{"0":[1,7],"1":[1,1],"2":[1,0],"3":[0,0],"4":[0,0],"5":[0,0],"6":[1,7],"7":[2,6],"8":[0,2]},"_coverageSchema":"1a1c01bbd47fc00a2c39e90264f33305004495a9","hash":"165d32b0a12e40975d317801b738c1aa1eeb6036"}
,"/home/buse/Masaüstü/staj/Ödevler/haber-akisi-project/src/components/NewsCard.tsx": {"path":"/home/buse/Masaüstü/staj/Ödevler/haber-akisi-project/src/components/NewsCard.tsx","statementMap":{"0":{"start":{"line":11,"column":17},"end":{"line":85,"column":1}},"1":{"start":{"line":12,"column":66},"end":{"line":12,"column":73}},"2":{"start":{"line":13,"column":41},"end":{"line":13,"column":55}},"3":{"start":{"line":14,"column":17},"end":{"line":14,"column":28}},"4":{"start":{"line":15,"column":26},"end":{"line":15,"column":42}},"5":{"start":{"line":16,"column":21},"end":{"line":16,"column":67}},"6":{"start":{"line":18,"column":22},"end":{"line":23,"column":3}},"7":{"start":{"line":19,"column":4},"end":{"line":22,"column":7}},"8":{"start":{"line":25,"column":2},"end":{"line":84,"column":4}},"9":{"start":{"line":49,"column":31},"end":{"line":49,"column":54}}},"fnMap":{"0":{"name":"(anonymous_0)","decl":{"start":{"line":11,"column":17},"end":{"line":11,"column":18}},"loc":{"start":{"line":11,"column":56},"end":{"line":85,"column":1}},"line":11},"1":{"name":"(anonymous_1)","decl":{"start":{"line":18,"column":22},"end":{"line":18,"column":23}},"loc":{"start":{"line":18,"column":28},"end":{"line":23,"column":3}},"line":18},"2":{"name":"(anonymous_2)","decl":{"start":{"line":49,"column":25},"end":{"line":49,"column":26}},"loc":{"start":{"line":49,"column":31},"end":{"line":49,"column":54}},"line":49}},"branchMap":{"0":{"loc":{"start":{"line":16,"column":21},"end":{"line":16,"column":67}},"type":"cond-expr","locations":[{"start":{"line":16,"column":46},"end":{"line":16,"column":55}},{"start":{"line":16,"column":58},"end":{"line":16,"column":67}}],"line":16},"1":{"loc":{"start":{"line":33,"column":14},"end":{"line":35,"column":57}},"type":"cond-expr","locations":[{"start":{"line":34,"column":18},"end":{"line":34,"column":37}},{"start":{"line":35,"column":18},"end":{"line":35,"column":57}}],"line":33},"2":{"loc":{"start":{"line":52,"column":18},"end":{"line":54,"column":39}},"type":"cond-expr","locations":[{"start":{"line":53,"column":22},"end":{"line":53,"column":42}},{"start":{"line":54,"column":22},"end":{"line":54,"column":39}}],"line":52},"3":{"loc":{"start":{"line":58,"column":24},"end":{"line":58,"column":73}},"type":"cond-expr","locations":[{"start":{"line":58,"column":50},"end":{"line":58,"column":56}},{"start":{"line":58,"column":59},"end":{"line":58,"column":73}}],"line":58},"4":{"loc":{"start":{"line":60,"column":25},"end":{"line":60,"column":73}},"type":"cond-expr","locations":[{"start":{"line":60,"column":51},"end":{"line":60,"column":60}},{"start":{"line":60,"column":63},"end":{"line":60,"column":73}}],"line":60},"5":{"loc":{"start":{"line":69,"column":13},"end":{"line":73,"column":20}},"type":"cond-expr","locations":[{"start":{"line":70,"column":14},"end":{"line":72,"column":21}},{"start":{"line":73,"column":16},"end":{"line":73,"column":20}}],"line":69}},"s":{"0":1,"1":8,"2":8,"3":8,"4":8,"5":8,"6":8,"7":1,"8":8,"9":2},"f":{"0":8,"1":1,"2":2},"b":{"0":[0,8],"1":[8,0],"2":[1,7],"3":[1,7],"4":[1,7],"5":[7,1]},"_coverageSchema":"1a1c01bbd47fc00a2c39e90264f33305004495a9","hash":"b0e7823ecf99b74c7bae015d9ed620ed4a6ab90a"}
,"/home/buse/Masaüstü/staj/Ödevler/haber-akisi-project/src/components/Pagination.tsx": {"path":"/home/buse/Masaüstü/staj/Ödevler/haber-akisi-project/src/components/Pagination.tsx","statementMap":{"0":{"start":{"line":11,"column":53},"end":{"line":49,"column":1}},"1":{"start":{"line":16,"column":2},"end":{"line":48,"column":4}},"2":{"start":{"line":21,"column":23},"end":{"line":21,"column":52}},"3":{"start":{"line":38,"column":23},"end":{"line":38,"column":52}}},"fnMap":{"0":{"name":"(anonymous_0)","decl":{"start":{"line":11,"column":53},"end":{"line":11,"column":54}},"loc":{"start":{"line":15,"column":6},"end":{"line":49,"column":1}},"line":15},"1":{"name":"(anonymous_1)","decl":{"start":{"line":21,"column":17},"end":{"line":21,"column":18}},"loc":{"start":{"line":21,"column":23},"end":{"line":21,"column":52}},"line":21},"2":{"name":"(anonymous_2)","decl":{"start":{"line":38,"column":17},"end":{"line":38,"column":18}},"loc":{"start":{"line":38,"column":23},"end":{"line":38,"column":52}},"line":38}},"branchMap":{"0":{"loc":{"start":{"line":25,"column":51},"end":{"line":25,"column":102}},"type":"cond-expr","locations":[{"start":{"line":25,"column":71},"end":{"line":25,"column":97}},{"start":{"line":25,"column":100},"end":{"line":25,"column":102}}],"line":25},"1":{"loc":{"start":{"line":42,"column":51},"end":{"line":42,"column":111}},"type":"cond-expr","locations":[{"start":{"line":42,"column":80},"end":{"line":42,"column":106}},{"start":{"line":42,"column":109},"end":{"line":42,"column":111}}],"line":42}},"s":{"0":1,"1":8,"2":1,"3":1},"f":{"0":8,"1":1,"2":1},"b":{"0":[2,6],"1":[2,6]},"_coverageSchema":"1a1c01bbd47fc00a2c39e90264f33305004495a9","hash":"a2f962de390683acbfc76791684385a1683051a6"}
,"/home/buse/Masaüstü/staj/Ödevler/haber-akisi-project/src/components/SortModal.tsx": {"path":"/home/buse/Masaüstü/staj/Ödevler/haber-akisi-project/src/components/SortModal.tsx","statementMap":{"0":{"start":{"line":11,"column":58},"end":{"line":15,"column":1}},"1":{"start":{"line":17,"column":25},"end":{"line":74,"column":1}},"2":{"start":{"line":18,"column":40},"end":{"line":18,"column":49}},"3":{"start":{"line":20,"column":2},"end":{"line":73,"column":4}},"4":{"start":{"line":36,"column":29},"end":{"line":36,"column":53}},"5":{"start":{"line":37,"column":12},"end":{"line":68,"column":14}},"6":{"start":{"line":46,"column":18},"end":{"line":46,"column":43}},"7":{"start":{"line":47,"column":18},"end":{"line":47,"column":28}}},"fnMap":{"0":{"name":"(anonymous_0)","decl":{"start":{"line":17,"column":25},"end":{"line":17,"column":26}},"loc":{"start":{"line":17,"column":67},"end":{"line":74,"column":1}},"line":17},"1":{"name":"(anonymous_1)","decl":{"start":{"line":35,"column":28},"end":{"line":35,"column":29}},"loc":{"start":{"line":35,"column":40},"end":{"line":69,"column":11}},"line":35},"2":{"name":"(anonymous_2)","decl":{"start":{"line":45,"column":25},"end":{"line":45,"column":26}},"loc":{"start":{"line":45,"column":31},"end":{"line":48,"column":17}},"line":45}},"branchMap":{"0":{"loc":{"start":{"line":41,"column":18},"end":{"line":43,"column":41}},"type":"cond-expr","locations":[{"start":{"line":42,"column":22},"end":{"line":42,"column":66}},{"start":{"line":43,"column":22},"end":{"line":43,"column":41}}],"line":41},"1":{"loc":{"start":{"line":52,"column":20},"end":{"line":54,"column":48}},"type":"cond-expr","locations":[{"start":{"line":53,"column":24},"end":{"line":53,"column":78}},{"start":{"line":54,"column":24},"end":{"line":54,"column":48}}],"line":52},"2":{"loc":{"start":{"line":59,"column":17},"end":{"line":66,"column":17}},"type":"binary-expr","locations":[{"start":{"line":59,"column":17},"end":{"line":59,"column":25}},{"start":{"line":60,"column":18},"end":{"line":65,"column":20}}],"line":59}},"s":{"0":1,"1":1,"2":5,"3":5,"4":15,"5":15,"6":2,"7":2},"f":{"0":5,"1":15,"2":2},"b":{"0":[5,10],"1":[5,10],"2":[15,5]},"_coverageSchema":"1a1c01bbd47fc00a2c39e90264f33305004495a9","hash":"4de705ba329a95a3a97ac07b5edf5f3c1868ae5b"}
,"/home/buse/Masaüstü/staj/Ödevler/haber-akisi-project/src/components/ui/AppText.tsx": {"path":"/home/buse/Masaüstü/staj/Ödevler/haber-akisi-project/src/components/ui/AppText.tsx","statementMap":{"0":{"start":{"line":10,"column":24},"end":{"line":10,"column":67}},"1":{"start":{"line":12,"column":23},"end":{"line":18,"column":2}},"2":{"start":{"line":13,"column":2},"end":{"line":17,"column":4}},"3":{"start":{"line":20,"column":28},"end":{"line":28,"column":1}},"4":{"start":{"line":22,"column":4},"end":{"line":26,"column":6}}},"fnMap":{"0":{"name":"(anonymous_0)","decl":{"start":{"line":12,"column":51},"end":{"line":12,"column":52}},"loc":{"start":{"line":13,"column":2},"end":{"line":17,"column":4}},"line":13},"1":{"name":"(anonymous_1)","decl":{"start":{"line":21,"column":2},"end":{"line":21,"column":3}},"loc":{"start":{"line":22,"column":4},"end":{"line":26,"column":6}},"line":22}},"branchMap":{"0":{"loc":{"start":{"line":10,"column":24},"end":{"line":10,"column":67}},"type":"cond-expr","locations":[{"start":{"line":10,"column":48},"end":{"line":10,"column":57}},{"start":{"line":10,"column":60},"end":{"line":10,"column":67}}],"line":10}},"s":{"0":4,"1":4,"2":91,"3":4,"4":0},"f":{"0":91,"1":0},"b":{"0":[4,0]},"_coverageSchema":"1a1c01bbd47fc00a2c39e90264f33305004495a9","hash":"2516ceb58775d3ffdee9dff8925af5c5dc2345f8"}
,"/home/buse/Masaüstü/staj/Ödevler/haber-akisi-project/src/constants/theme.ts": {"path":"/home/buse/Masaüstü/staj/Ödevler/haber-akisi-project/src/constants/theme.ts","statementMap":{"0":{"start":{"line":1,"column":25},"end":{"line":1,"column":43}},"1":{"start":{"line":3,"column":22},"end":{"line":15,"column":1}}},"fnMap":{},"branchMap":{},"s":{"0":1,"1":1},"f":{},"b":{},"_coverageSchema":"1a1c01bbd47fc00a2c39e90264f33305004495a9","hash":"2dbdfedc6c63a112a444f8aaa91adf4ca744f9e8"}
,"/home/buse/Masaüstü/staj/Ödevler/haber-akisi-project/src/context/FavoritesContext.tsx": {"path":"/home/buse/Masaüstü/staj/Ödevler/haber-akisi-project/src/context/FavoritesContext.tsx","statementMap":{"0":{"start":{"line":5,"column":24},"end":{"line":7,"column":1}},"1":{"start":{"line":9,"column":33},"end":{"line":60,"column":1}},"2":{"start":{"line":14,"column":36},"end":{"line":14,"column":59}},"3":{"start":{"line":16,"column":2},"end":{"line":18,"column":9}},"4":{"start":{"line":17,"column":4},"end":{"line":17,"column":20}},"5":{"start":{"line":20,"column":24},"end":{"line":29,"column":3}},"6":{"start":{"line":21,"column":4},"end":{"line":28,"column":5}},"7":{"start":{"line":22,"column":30},"end":{"line":22,"column":73}},"8":{"start":{"line":23,"column":6},"end":{"line":25,"column":7}},"9":{"start":{"line":24,"column":8},"end":{"line":24,"column":50}},"10":{"start":{"line":27,"column":6},"end":{"line":27,"column":64}},"11":{"start":{"line":31,"column":24},"end":{"line":37,"column":3}},"12":{"start":{"line":32,"column":4},"end":{"line":36,"column":5}},"13":{"start":{"line":33,"column":6},"end":{"line":33,"column":80}},"14":{"start":{"line":35,"column":6},"end":{"line":35,"column":62}},"15":{"start":{"line":39,"column":25},"end":{"line":49,"column":3}},"16":{"start":{"line":40,"column":18},"end":{"line":40,"column":69}},"17":{"start":{"line":40,"column":43},"end":{"line":40,"column":68}},"18":{"start":{"line":42,"column":4},"end":{"line":46,"column":5}},"19":{"start":{"line":43,"column":6},"end":{"line":43,"column":79}},"20":{"start":{"line":43,"column":52},"end":{"line":43,"column":77}},"21":{"start":{"line":45,"column":6},"end":{"line":45,"column":50}},"22":{"start":{"line":47,"column":4},"end":{"line":47,"column":35}},"23":{"start":{"line":48,"column":4},"end":{"line":48,"column":36}},"24":{"start":{"line":51,"column":21},"end":{"line":53,"column":3}},"25":{"start":{"line":52,"column":4},"end":{"line":52,"column":53}},"26":{"start":{"line":52,"column":36},"end":{"line":52,"column":51}},"27":{"start":{"line":55,"column":2},"end":{"line":59,"column":4}},"28":{"start":{"line":62,"column":28},"end":{"line":70,"column":1}},"29":{"start":{"line":63,"column":18},"end":{"line":63,"column":45}},"30":{"start":{"line":64,"column":2},"end":{"line":68,"column":3}},"31":{"start":{"line":65,"column":4},"end":{"line":67,"column":6}},"32":{"start":{"line":69,"column":2},"end":{"line":69,"column":17}}},"fnMap":{"0":{"name":"(anonymous_0)","decl":{"start":{"line":9,"column":33},"end":{"line":9,"column":34}},"loc":{"start":{"line":13,"column":6},"end":{"line":60,"column":1}},"line":13},"1":{"name":"(anonymous_1)","decl":{"start":{"line":16,"column":12},"end":{"line":16,"column":13}},"loc":{"start":{"line":16,"column":18},"end":{"line":18,"column":3}},"line":16},"2":{"name":"(anonymous_2)","decl":{"start":{"line":20,"column":24},"end":{"line":20,"column":25}},"loc":{"start":{"line":20,"column":36},"end":{"line":29,"column":3}},"line":20},"3":{"name":"(anonymous_3)","decl":{"start":{"line":31,"column":24},"end":{"line":31,"column":25}},"loc":{"start":{"line":31,"column":59},"end":{"line":37,"column":3}},"line":31},"4":{"name":"(anonymous_4)","decl":{"start":{"line":39,"column":25},"end":{"line":39,"column":26}},"loc":{"start":{"line":39,"column":48},"end":{"line":49,"column":3}},"line":39},"5":{"name":"(anonymous_5)","decl":{"start":{"line":40,"column":33},"end":{"line":40,"column":34}},"loc":{"start":{"line":40,"column":43},"end":{"line":40,"column":68}},"line":40},"6":{"name":"(anonymous_6)","decl":{"start":{"line":43,"column":42},"end":{"line":43,"column":43}},"loc":{"start":{"line":43,"column":52},"end":{"line":43,"column":77}},"line":43},"7":{"name":"(anonymous_7)","decl":{"start":{"line":51,"column":21},"end":{"line":51,"column":22}},"loc":{"start":{"line":51,"column":37},"end":{"line":53,"column":3}},"line":51},"8":{"name":"(anonymous_8)","decl":{"start":{"line":52,"column":26},"end":{"line":52,"column":27}},"loc":{"start":{"line":52,"column":36},"end":{"line":52,"column":51}},"line":52},"9":{"name":"(anonymous_9)","decl":{"start":{"line":62,"column":28},"end":{"line":62,"column":29}},"loc":{"start":{"line":62,"column":34},"end":{"line":70,"column":1}},"line":62}},"branchMap":{"0":{"loc":{"start":{"line":23,"column":6},"end":{"line":25,"column":7}},"type":"if","locations":[{"start":{"line":23,"column":6},"end":{"line":25,"column":7}},{"start":{},"end":{}}],"line":23},"1":{"loc":{"start":{"line":42,"column":4},"end":{"line":46,"column":5}},"type":"if","locations":[{"start":{"line":42,"column":4},"end":{"line":46,"column":5}},{"start":{"line":44,"column":11},"end":{"line":46,"column":5}}],"line":42},"2":{"loc":{"start":{"line":64,"column":2},"end":{"line":68,"column":3}},"type":"if","locations":[{"start":{"line":64,"column":2},"end":{"line":68,"column":3}},{"start":{},"end":{}}],"line":64}},"s":{"0":1,"1":1,"2":12,"3":12,"4":6,"5":12,"6":6,"7":6,"8":6,"9":1,"10":0,"11":12,"12":5,"13":5,"14":0,"15":12,"16":5,"17":1,"18":5,"19":1,"20":1,"21":4,"22":5,"23":5,"24":12,"25":2,"26":2,"27":12,"28":1,"29":14,"30":14,"31":2,"32":12},"f":{"0":12,"1":6,"2":6,"3":5,"4":5,"5":1,"6":1,"7":2,"8":2,"9":14},"b":{"0":[1,5],"1":[1,4],"2":[2,12]},"_coverageSchema":"1a1c01bbd47fc00a2c39e90264f33305004495a9","hash":"672d5b54da1ba452f9a54fa4a6ab50edddac76e4"}
,"/home/buse/Masaüstü/staj/Ödevler/haber-akisi-project/src/context/SortContext.tsx": {"path":"/home/buse/Masaüstü/staj/Ödevler/haber-akisi-project/src/context/SortContext.tsx","statementMap":{"0":{"start":{"line":10,"column":20},"end":{"line":10,"column":73}},"1":{"start":{"line":12,"column":28},"end":{"line":20,"column":1}},"2":{"start":{"line":13,"column":38},"end":{"line":13,"column":68}},"3":{"start":{"line":15,"column":2},"end":{"line":19,"column":4}},"4":{"start":{"line":22,"column":23},"end":{"line":28,"column":1}},"5":{"start":{"line":23,"column":18},"end":{"line":23,"column":41}},"6":{"start":{"line":24,"column":2},"end":{"line":26,"column":3}},"7":{"start":{"line":25,"column":4},"end":{"line":25,"column":76}},"8":{"start":{"line":27,"column":2},"end":{"line":27,"column":17}}},"fnMap":{"0":{"name":"(anonymous_0)","decl":{"start":{"line":12,"column":28},"end":{"line":12,"column":29}},"loc":{"start":{"line":12,"column":77},"end":{"line":20,"column":1}},"line":12},"1":{"name":"(anonymous_1)","decl":{"start":{"line":22,"column":23},"end":{"line":22,"column":24}},"loc":{"start":{"line":22,"column":29},"end":{"line":28,"column":1}},"line":22}},"branchMap":{"0":{"loc":{"start":{"line":24,"column":2},"end":{"line":26,"column":3}},"type":"if","locations":[{"start":{"line":24,"column":2},"end":{"line":26,"column":3}},{"start":{},"end":{}}],"line":24}},"s":{"0":1,"1":1,"2":9,"3":9,"4":1,"5":11,"6":11,"7":2,"8":9},"f":{"0":9,"1":11},"b":{"0":[2,9]},"_coverageSchema":"1a1c01bbd47fc00a2c39e90264f33305004495a9","hash":"6bb3daf10644f221c6a332ece85e58d53a1d8e9e"}
,"/home/buse/Masaüstü/staj/Ödevler/haber-akisi-project/src/utils/sortArticles.ts": {"path":"/home/buse/Masaüstü/staj/Ödevler/haber-akisi-project/src/utils/sortArticles.ts","statementMap":{"0":{"start":{"line":4,"column":28},"end":{"line":28,"column":1}},"1":{"start":{"line":8,"column":17},"end":{"line":8,"column":30}},"2":{"start":{"line":10,"column":2},"end":{"line":27,"column":3}},"3":{"start":{"line":12,"column":6},"end":{"line":15,"column":8}},"4":{"start":{"line":14,"column":10},"end":{"line":14,"column":79}},"5":{"start":{"line":17,"column":6},"end":{"line":20,"column":8}},"6":{"start":{"line":19,"column":10},"end":{"line":19,"column":79}},"7":{"start":{"line":22,"column":6},"end":{"line":24,"column":8}},"8":{"start":{"line":23,"column":8},"end":{"line":23,"column":66}},"9":{"start":{"line":26,"column":6},"end":{"line":26,"column":20}}},"fnMap":{"0":{"name":"(anonymous_0)","decl":{"start":{"line":4,"column":28},"end":{"line":4,"column":29}},"loc":{"start":{"line":7,"column":16},"end":{"line":28,"column":1}},"line":7},"1":{"name":"(anonymous_1)","decl":{"start":{"line":13,"column":8},"end":{"line":13,"column":9}},"loc":{"start":{"line":14,"column":10},"end":{"line":14,"column":79}},"line":14},"2":{"name":"(anonymous_2)","decl":{"start":{"line":18,"column":8},"end":{"line":18,"column":9}},"loc":{"start":{"line":19,"column":10},"end":{"line":19,"column":79}},"line":19},"3":{"name":"(anonymous_3)","decl":{"start":{"line":22,"column":25},"end":{"line":22,"column":26}},"loc":{"start":{"line":23,"column":8},"end":{"line":23,"column":66}},"line":23}},"branchMap":{"0":{"loc":{"start":{"line":10,"column":2},"end":{"line":27,"column":3}},"type":"switch","locations":[{"start":{"line":11,"column":4},"end":{"line":15,"column":8}},{"start":{"line":16,"column":4},"end":{"line":20,"column":8}},{"start":{"line":21,"column":4},"end":{"line":24,"column":8}},{"start":{"line":25,"column":4},"end":{"line":26,"column":20}}],"line":10},"1":{"loc":{"start":{"line":23,"column":9},"end":{"line":23,"column":29}},"type":"binary-expr","locations":[{"start":{"line":23,"column":9},"end":{"line":23,"column":23}},{"start":{"line":23,"column":27},"end":{"line":23,"column":29}}],"line":23},"2":{"loc":{"start":{"line":23,"column":45},"end":{"line":23,"column":65}},"type":"binary-expr","locations":[{"start":{"line":23,"column":45},"end":{"line":23,"column":59}},{"start":{"line":23,"column":63},"end":{"line":23,"column":65}}],"line":23}},"s":{"0":1,"1":6,"2":6,"3":3,"4":6,"5":1,"6":4,"7":2,"8":4,"9":0},"f":{"0":6,"1":6,"2":4,"3":4},"b":{"0":[3,1,2,0],"1":[4,0],"2":[4,0]},"_coverageSchema":"1a1c01bbd47fc00a2c39e90264f33305004495a9","hash":"32b05acc59fa2e669a4357a43a7d1da29672ee56"}
}
