TN:
SF:assets/images/dark_share.png
FNF:0
FNH:0
DA:1,1
LF:1
LH:1
BRF:0
BRH:0
end_of_record
TN:
SF:assets/images/logo.png
FNF:0
FNH:0
DA:1,1
LF:1
LH:1
BRF:0
BRH:0
end_of_record
TN:
SF:src/api/errors.ts
FN:2,(anonymous_0)
FNF:1
FNH:1
FNDA:4,(anonymous_0)
DA:6,4
DA:7,4
LF:2
LH:2
BRF:0
BRH:0
end_of_record
TN:
SF:src/api/newsApi.ts
FN:13,getTopHeadlines
FNF:1
FNH:1
FNDA:6,getTopHeadlines
DA:5,1
DA:6,0
DA:11,1
DA:23,6
DA:28,6
DA:29,6
DA:31,6
DA:35,6
DA:36,2
DA:37,2
DA:38,2
DA:39,1
DA:41,2
DA:44,4
DA:46,4
DA:47,4
DA:48,1
DA:51,3
LF:18
LH:17
BRDA:5,0,0,0
BRDA:5,0,1,1
BRDA:13,1,0,0
BRDA:15,2,0,6
BRDA:17,3,0,5
BRDA:18,4,0,5
BRDA:28,5,0,1
BRDA:28,5,1,5
BRDA:29,6,0,2
BRDA:29,6,1,4
BRDA:35,7,0,2
BRDA:35,7,1,4
BRDA:39,8,0,1
BRDA:39,8,1,0
BRDA:47,9,0,1
BRDA:47,9,1,3
BRF:16
BRH:13
end_of_record
TN:
SF:src/api/schemas.ts
FNF:0
FNH:0
DA:3,2
DA:17,2
LF:2
LH:2
BRF:0
BRH:0
end_of_record
TN:
SF:src/components/AppHeader.tsx
FN:13,(anonymous_0)
FN:23,(anonymous_1)
FN:29,(anonymous_2)
FN:33,(anonymous_3)
FN:59,(anonymous_4)
FN:110,(anonymous_5)
FNF:6
FNH:5
FNDA:8,(anonymous_0)
FNDA:2,(anonymous_1)
FNDA:1,(anonymous_2)
FNDA:1,(anonymous_3)
FNDA:1,(anonymous_4)
FNDA:0,(anonymous_5)
DA:13,1
DA:14,8
DA:15,8
DA:16,8
DA:17,8
DA:18,8
DA:19,8
DA:20,8
DA:21,8
DA:23,8
DA:24,2
DA:25,2
DA:26,2
DA:29,8
DA:30,1
DA:33,8
DA:34,1
DA:35,1
DA:36,1
DA:41,0
DA:42,0
DA:44,0
DA:46,0
DA:49,1
DA:52,8
DA:59,1
DA:110,0
LF:27
LH:22
BRDA:20,0,0,1
BRDA:20,0,1,7
BRDA:24,1,0,1
BRDA:24,1,1,1
BRDA:34,2,0,1
BRDA:34,2,1,0
BRDA:41,3,0,0
BRDA:41,3,1,0
BRDA:42,4,0,0
BRDA:42,4,1,0
BRDA:46,5,0,0
BRDA:46,5,1,0
BRDA:78,6,0,1
BRDA:78,6,1,7
BRDA:84,7,0,2
BRDA:84,7,1,6
BRDA:86,8,0,0
BRDA:86,8,1,2
BRF:18
BRH:10
end_of_record
TN:
SF:src/components/NewsCard.tsx
FN:11,(anonymous_0)
FN:18,(anonymous_1)
FN:49,(anonymous_2)
FNF:3
FNH:3
FNDA:8,(anonymous_0)
FNDA:1,(anonymous_1)
FNDA:2,(anonymous_2)
DA:11,1
DA:12,8
DA:13,8
DA:14,8
DA:15,8
DA:16,8
DA:18,8
DA:19,1
DA:25,8
DA:49,2
LF:10
LH:10
BRDA:16,0,0,0
BRDA:16,0,1,8
BRDA:33,1,0,8
BRDA:33,1,1,0
BRDA:52,2,0,1
BRDA:52,2,1,7
BRDA:58,3,0,1
BRDA:58,3,1,7
BRDA:60,4,0,1
BRDA:60,4,1,7
BRDA:69,5,0,7
BRDA:69,5,1,1
BRF:12
BRH:10
end_of_record
TN:
SF:src/components/Pagination.tsx
FN:11,(anonymous_0)
FN:21,(anonymous_1)
FN:38,(anonymous_2)
FNF:3
FNH:3
FNDA:8,(anonymous_0)
FNDA:1,(anonymous_1)
FNDA:1,(anonymous_2)
DA:11,1
DA:16,8
DA:21,1
DA:38,1
LF:4
LH:4
BRDA:25,0,0,2
BRDA:25,0,1,6
BRDA:42,1,0,2
BRDA:42,1,1,6
BRF:4
BRH:4
end_of_record
TN:
SF:src/components/SortModal.tsx
FN:17,(anonymous_0)
FN:35,(anonymous_1)
FN:45,(anonymous_2)
FNF:3
FNH:3
FNDA:5,(anonymous_0)
FNDA:15,(anonymous_1)
FNDA:2,(anonymous_2)
DA:11,1
DA:17,1
DA:18,5
DA:20,5
DA:36,15
DA:37,15
DA:46,2
DA:47,2
LF:8
LH:8
BRDA:41,0,0,5
BRDA:41,0,1,10
BRDA:52,1,0,5
BRDA:52,1,1,10
BRDA:59,2,0,15
BRDA:59,2,1,5
BRF:6
BRH:6
end_of_record
TN:
SF:src/components/ui/AppText.tsx
FN:12,(anonymous_0)
FN:21,(anonymous_1)
FNF:2
FNH:1
FNDA:91,(anonymous_0)
FNDA:0,(anonymous_1)
DA:10,4
DA:12,4
DA:13,91
DA:20,4
DA:22,0
LF:5
LH:4
BRDA:10,0,0,4
BRDA:10,0,1,0
BRF:2
BRH:1
end_of_record
TN:
SF:src/constants/theme.ts
FNF:0
FNH:0
DA:1,1
DA:3,1
LF:2
LH:2
BRF:0
BRH:0
end_of_record
TN:
SF:src/context/FavoritesContext.tsx
FN:9,(anonymous_0)
FN:16,(anonymous_1)
FN:20,(anonymous_2)
FN:31,(anonymous_3)
FN:39,(anonymous_4)
FN:40,(anonymous_5)
FN:43,(anonymous_6)
FN:51,(anonymous_7)
FN:52,(anonymous_8)
FN:62,(anonymous_9)
FNF:10
FNH:10
FNDA:12,(anonymous_0)
FNDA:6,(anonymous_1)
FNDA:6,(anonymous_2)
FNDA:5,(anonymous_3)
FNDA:5,(anonymous_4)
FNDA:1,(anonymous_5)
FNDA:1,(anonymous_6)
FNDA:2,(anonymous_7)
FNDA:2,(anonymous_8)
FNDA:14,(anonymous_9)
DA:5,1
DA:9,1
DA:14,12
DA:16,12
DA:17,6
DA:20,12
DA:21,6
DA:22,6
DA:23,6
DA:24,1
DA:27,0
DA:31,12
DA:32,5
DA:33,5
DA:35,0
DA:39,12
DA:40,5
DA:42,5
DA:43,1
DA:45,4
DA:47,5
DA:48,5
DA:51,12
DA:52,2
DA:55,12
DA:62,1
DA:63,14
DA:64,14
DA:65,2
DA:69,12
LF:30
LH:28
BRDA:23,0,0,1
BRDA:23,0,1,5
BRDA:42,1,0,1
BRDA:42,1,1,4
BRDA:64,2,0,2
BRDA:64,2,1,12
BRF:6
BRH:6
end_of_record
TN:
SF:src/context/SortContext.tsx
FN:12,(anonymous_0)
FN:22,(anonymous_1)
FNF:2
FNH:2
FNDA:9,(anonymous_0)
FNDA:11,(anonymous_1)
DA:10,1
DA:12,1
DA:13,9
DA:15,9
DA:22,1
DA:23,11
DA:24,11
DA:25,2
DA:27,9
LF:9
LH:9
BRDA:24,0,0,2
BRDA:24,0,1,9
BRF:2
BRH:2
end_of_record
TN:
SF:src/utils/sortArticles.ts
FN:4,(anonymous_0)
FN:13,(anonymous_1)
FN:18,(anonymous_2)
FN:22,(anonymous_3)
FNF:4
FNH:4
FNDA:6,(anonymous_0)
FNDA:6,(anonymous_1)
FNDA:4,(anonymous_2)
FNDA:4,(anonymous_3)
DA:4,1
DA:8,6
DA:10,6
DA:12,3
DA:14,6
DA:17,1
DA:19,4
DA:22,2
DA:23,4
DA:26,0
LF:10
LH:9
BRDA:10,0,0,3
BRDA:10,0,1,1
BRDA:10,0,2,2
BRDA:10,0,3,0
BRDA:23,1,0,4
BRDA:23,1,1,0
BRDA:23,2,0,4
BRDA:23,2,1,0
BRF:8
BRH:5
end_of_record
